{
  "stats": {
    "suites": 1,
    "tests": 1,
    "passes": 1,
    "pending": 0,
    "failures": 0,
    "start": "2023-11-14T14:02:46.939Z",
    "end": "2023-11-14T14:02:55.145Z",
    "duration": 8206,
    "testsRegistered": 1,
    "passPercent": 100,
    "pendingPercent": 0,
    "other": 0,
    "hasOther": false,
    "skipped": 0,
    "hasSkipped": false
  },
  "results": [
    {
      "uuid": "1ede8b50-cdae-4ef3-bf55-f2c86fb35891",
      "title": "",
      "fullFile": "cypress\\e2e\\API\\firstAPItest.spec.js",
      "file": "cypress\\e2e\\API\\firstAPItest.spec.js",
      "beforeHooks": [],
      "afterHooks": [],
      "tests": [],
      "suites": [
        {
          "uuid": "5a9f9244-244d-47cc-a885-d8407f355f3f",
          "title": "Test with backend",
          "fullFile": "",
          "file": "",
          "beforeHooks": [],
          "afterHooks": [],
          "tests": [
            {
              "title": "delete new article in a global feed",
              "fullTitle": "Test with backend delete new article in a global feed",
              "timedOut": null,
              "duration": 8119,
              "state": "passed",
              "speed": "medium",
              "pass": true,
              "fail": false,
              "pending": false,
              "context": null,
              "code": "const bodyRequest = {\n  \"article\": {\n    \"title\": \"Omaz Juznom Vetru \",\n    \"description\": \"API Test\",\n    \"body\": \"Sinan Kemal Mile\",\n    \"tagList\": []\n  }\n};\ncy.get('@token').then(token => {\n  cy.request({\n    url: Cypress.env('apiUrl') + '/api/articles/',\n    headers: {\n      'Authorization': 'Token ' + token\n    },\n    method: 'POST',\n    body: bodyRequest\n  }).then(response => {\n    expect(response.status).to.equal(201);\n  });\n  cy.contains('Global Feed').click();\n  cy.get('.preview-link').first().click();\n  cy.get('.article-actions').contains('Delete Article').click();\n  cy.request({\n    url: 'https://api.realworld.io/api/articles?limit=10&offset=0',\n    headers: {\n      'Authorization': 'Token ' + token\n    },\n    method: 'GET'\n  }).its('body').then(body => {\n    expect(body.articles[0].title).not.to.equal('Omaz Juznom Vetru ');\n  });\n});",
              "err": {},
              "uuid": "1539c332-87db-4bfd-9736-6c8b725007cd",
              "parentUUID": "5a9f9244-244d-47cc-a885-d8407f355f3f",
              "isHook": false,
              "skipped": false
            }
          ],
          "suites": [],
          "passes": ["1539c332-87db-4bfd-9736-6c8b725007cd"],
          "failures": [],
          "pending": [],
          "skipped": [],
          "duration": 8119,
          "root": false,
          "rootEmpty": false,
          "_timeout": 2000
        }
      ],
      "passes": [],
      "failures": [],
      "pending": [],
      "skipped": [],
      "duration": 0,
      "root": true,
      "rootEmpty": true,
      "_timeout": 2000
    }
  ],
  "meta": {
    "mocha": {
      "version": "7.0.1"
    },
    "mochawesome": {
      "options": {
        "quiet": false,
        "reportFilename": "mochawesome",
        "saveHtml": false,
        "saveJson": true,
        "consoleReporter": "spec",
        "useInlineDiffs": false,
        "code": true
      },
      "version": "7.1.3"
    },
    "marge": {
      "options": {
        "id": "default",
        "reportDir": "cypress/results/mochaawesome",
        "overwrite": false,
        "html": false,
        "json": true
      },
      "version": "6.2.0"
    }
  }
}
