<?xml version="1.0" encoding="UTF-8"?>
<testsuites name="Mocha Tests" time="18.649" tests="1" failures="1">
  <testsuite name="Root Suite" timestamp="2023-11-14T12:45:27" tests="0" file="cypress\e2e\API\secondTest.spec.js" time="0.000" failures="0">
  </testsuite>
  <testsuite name="Test log out" timestamp="2023-11-14T12:45:27" tests="1" time="18.645" failures="1">
    <testcase name="Test log out verify use can log out successfully" time="5.716" classname="verify use can log out successfully">
      <failure message="Timed out retrying after 4050ms: `cy.click()` failed because this element:

`&lt;a routerlink=&quot;/settings&quot; routerlinkactive=&quot;active&quot; class=&quot;nav-link&quot; ng-reflect-router-link-active=&quot;active&quot; ng-reflect-router-link=&quot;/settings&quot; href=&quot;/settings&quot;&gt;...&lt;/a&gt;`

is being covered by another element:

`&lt;iframe id=&quot;webpack-dev-server-client-overlay&quot; src=&quot;about:blank&quot; style=&quot;position: fixed; inset: 0px; width: 100vw; height: 100vh; border: none; z-index: 2147483647;&quot;&gt;&lt;/iframe&gt;`

Fix this problem, or use {force: true} to disable error checking.

https://on.cypress.io/element-cannot-be-interacted-with" type="CypressError"><![CDATA[CypressError: Timed out retrying after 4050ms: `cy.click()` failed because this element:

`<a routerlink="/settings" routerlinkactive="active" class="nav-link" ng-reflect-router-link-active="active" ng-reflect-router-link="/settings" href="/settings">...</a>`

is being covered by another element:

`<iframe id="webpack-dev-server-client-overlay" src="about:blank" style="position: fixed; inset: 0px; width: 100vw; height: 100vh; border: none; z-index: 2147483647;"></iframe>`

Fix this problem, or use {force: true} to disable error checking.

https://on.cypress.io/element-cannot-be-interacted-with
    at ensureIsDescendent (http://localhost:4200/__cypress/runner/cypress_runner.js:111910:68)
    at ensureDescendents (http://localhost:4200/__cypress/runner/cypress_runner.js:111961:5)
    at ensureDescendentsAndScroll (http://localhost:4200/__cypress/runner/cypress_runner.js:111967:14)
    at ensureElIsNotCovered (http://localhost:4200/__cypress/runner/cypress_runner.js:112098:5)
    at runAllChecks (http://localhost:4200/__cypress/runner/cypress_runner.js:112297:52)
    at retryActionability (http://localhost:4200/__cypress/runner/cypress_runner.js:112334:16)
    at tryCatcher (http://localhost:4200/__cypress/runner/cypress_runner.js:1807:23)
    at Promise.attempt.Promise.try (http://localhost:4200/__cypress/runner/cypress_runner.js:4315:29)
    at whenStable (http://localhost:4200/__cypress/runner/cypress_runner.js:144253:68)
    at <unknown> (http://localhost:4200/__cypress/runner/cypress_runner.js:144194:14)
    at tryCatcher (http://localhost:4200/__cypress/runner/cypress_runner.js:1807:23)
    at Promise._settlePromiseFromHandler (http://localhost:4200/__cypress/runner/cypress_runner.js:1519:31)
    at Promise._settlePromise (http://localhost:4200/__cypress/runner/cypress_runner.js:1576:18)
    at Promise._settlePromise0 (http://localhost:4200/__cypress/runner/cypress_runner.js:1621:10)
    at Promise._settlePromises (http://localhost:4200/__cypress/runner/cypress_runner.js:1701:18)
    at Promise._fulfill (http://localhost:4200/__cypress/runner/cypress_runner.js:1645:18)
    at <unknown> (http://localhost:4200/__cypress/runner/cypress_runner.js:5450:46)
From Your Spec Code:
    at Context.eval (webpack://angular-realworld/./cypress/e2e/API/secondTest.spec.js:10:32)]]></failure>
    </testcase>
  </testsuite>
</testsuites>