<?xml version="1.0" encoding="UTF-8"?>
<testsuites name="Mocha Tests" time="7.785" tests="1" failures="0">
  <testsuite name="Root Suite" timestamp="2023-11-14T13:51:55" tests="0" file="cypress\e2e\API\firstAPItest.spec.js" time="0.000" failures="0">
  </testsuite>
  <testsuite name="Test with backend" timestamp="2023-11-14T13:51:55" tests="1" time="7.780" failures="0">
    <testcase name="Test with backend delete new article in a global feed" time="7.709" classname="delete new article in a global feed">
    </testcase>
  </testsuite>
</testsuites>