<?xml version="1.0" encoding="UTF-8"?>
<testsuites name="Mocha Tests" time="3.858" tests="1" failures="0">
  <testsuite name="Root Suite" timestamp="2023-11-14T14:04:53" tests="0" file="cypress\e2e\API\secondTest.spec.js" time="0.000" failures="0">
  </testsuite>
  <testsuite name="Test log out" timestamp="2023-11-14T14:04:53" tests="1" time="3.855" failures="0">
    <testcase name="Test log out verify use can log out successfully" time="3.736" classname="verify use can log out successfully">
    </testcase>
  </testsuite>
</testsuites>